2025-08-12 22:47:23,734 - INFO - 🚀 SPA VIP Pipeline initialized
2025-08-12 22:47:24,464 - INFO - ✅ Supabase client initialized successfully
2025-08-12 22:47:25,367 - INFO - HTTP Request: GET https://ebpnoasjxttbrdmiwesg.supabase.co/rest/v1/General_News?select=id&limit=1 "HTTP/2 200 OK"
2025-08-12 22:47:25,383 - INFO - ✅ Connection test passed for General_News
2025-08-12 22:47:25,545 - INFO - HTTP Request: GET https://ebpnoasjxttbrdmiwesg.supabase.co/rest/v1/FPT_News?select=id&limit=1 "HTTP/2 200 OK"
2025-08-12 22:47:25,546 - INFO - ✅ Connection test passed for FPT_News
2025-08-12 22:47:25,701 - INFO - HTTP Request: GET https://ebpnoasjxttbrdmiwesg.supabase.co/rest/v1/GAS_News?select=id&limit=1 "HTTP/2 200 OK"
2025-08-12 22:47:25,701 - INFO - ✅ Connection test passed for GAS_News
2025-08-12 22:47:25,871 - INFO - HTTP Request: GET https://ebpnoasjxttbrdmiwesg.supabase.co/rest/v1/IMP_News?select=id&limit=1 "HTTP/2 200 OK"
2025-08-12 22:47:25,871 - INFO - ✅ Connection test passed for IMP_News
2025-08-12 22:47:26,051 - INFO - HTTP Request: GET https://ebpnoasjxttbrdmiwesg.supabase.co/rest/v1/VCB_News?select=id&limit=1 "HTTP/2 200 OK"
2025-08-12 22:47:26,051 - INFO - ✅ Connection test passed for VCB_News
2025-08-12 22:47:26,051 - INFO - ✅ All database connections working properly
2025-08-12 22:47:26,051 - INFO - ✅ Database connection established
2025-08-12 22:47:26,051 - INFO - 
🗞️  PHASE 1: NEWS CRAWLING
2025-08-12 22:47:26,051 - INFO - ==================================================
2025-08-12 22:47:27,515 - INFO - 🔄 Running all crawlers...
2025-08-12 22:47:27,515 - INFO - ==================================================
2025-08-12 22:47:27,515 - INFO - BAT DAU CRAWLING SESSION
2025-08-12 22:47:27,515 - INFO - ==================================================
2025-08-12 22:47:27,515 - INFO - Thoi gian bat dau: 2025-08-12 22:47:27
2025-08-12 22:47:27,515 - INFO - === STOCK PRICE CRAWLER ===
2025-08-12 22:47:27,515 - INFO - [START] Bắt đầu Stock Price Crawler
2025-08-12 22:47:29,181 - INFO - ✅ Supabase client initialized successfully
2025-08-12 22:47:42,122 - INFO - HTTP Request: GET https://ebpnoasjxttbrdmiwesg.supabase.co/rest/v1/FPT_Stock?select=%2A&date=eq.2025-08-12 "HTTP/2 200 OK"
2025-08-12 22:47:42,498 - INFO - HTTP Request: GET https://ebpnoasjxttbrdmiwesg.supabase.co/rest/v1/FPT_Stock?select=%2A&date=eq.2025-08-11 "HTTP/2 200 OK"
2025-08-12 22:47:42,920 - INFO - HTTP Request: GET https://ebpnoasjxttbrdmiwesg.supabase.co/rest/v1/FPT_Stock?select=%2A&date=eq.2025-08-08 "HTTP/2 200 OK"
2025-08-12 22:47:43,395 - INFO - HTTP Request: GET https://ebpnoasjxttbrdmiwesg.supabase.co/rest/v1/FPT_Stock?select=%2A&date=eq.2025-08-07 "HTTP/2 200 OK"
2025-08-12 22:47:43,769 - INFO - HTTP Request: GET https://ebpnoasjxttbrdmiwesg.supabase.co/rest/v1/FPT_Stock?select=%2A&date=eq.2025-08-06 "HTTP/2 200 OK"
2025-08-12 22:47:44,247 - INFO - HTTP Request: GET https://ebpnoasjxttbrdmiwesg.supabase.co/rest/v1/FPT_Stock?select=%2A&date=eq.2025-08-05 "HTTP/2 200 OK"
2025-08-12 22:47:44,614 - INFO - HTTP Request: GET https://ebpnoasjxttbrdmiwesg.supabase.co/rest/v1/FPT_Stock?select=%2A&date=eq.2025-08-04 "HTTP/2 200 OK"
2025-08-12 22:47:44,988 - INFO - HTTP Request: GET https://ebpnoasjxttbrdmiwesg.supabase.co/rest/v1/FPT_Stock?select=%2A&date=eq.2025-08-01 "HTTP/2 200 OK"
2025-08-12 22:47:45,436 - INFO - HTTP Request: GET https://ebpnoasjxttbrdmiwesg.supabase.co/rest/v1/FPT_Stock?select=%2A&date=eq.2025-07-31 "HTTP/2 200 OK"
2025-08-12 22:47:45,780 - INFO - HTTP Request: GET https://ebpnoasjxttbrdmiwesg.supabase.co/rest/v1/FPT_Stock?select=%2A&date=eq.2025-07-30 "HTTP/2 200 OK"
2025-08-12 22:47:46,197 - INFO - HTTP Request: GET https://ebpnoasjxttbrdmiwesg.supabase.co/rest/v1/FPT_Stock?select=%2A&date=eq.2025-07-29 "HTTP/2 200 OK"
2025-08-12 22:47:46,611 - INFO - HTTP Request: GET https://ebpnoasjxttbrdmiwesg.supabase.co/rest/v1/FPT_Stock?select=%2A&date=eq.2025-07-28 "HTTP/2 200 OK"
2025-08-12 22:47:47,026 - INFO - HTTP Request: GET https://ebpnoasjxttbrdmiwesg.supabase.co/rest/v1/FPT_Stock?select=%2A&date=eq.2025-07-25 "HTTP/2 200 OK"
2025-08-12 22:47:47,470 - INFO - HTTP Request: GET https://ebpnoasjxttbrdmiwesg.supabase.co/rest/v1/FPT_Stock?select=%2A&date=eq.2025-07-24 "HTTP/2 200 OK"
2025-08-12 22:47:47,838 - INFO - HTTP Request: GET https://ebpnoasjxttbrdmiwesg.supabase.co/rest/v1/FPT_Stock?select=%2A&date=eq.2025-07-23 "HTTP/2 200 OK"
2025-08-12 22:47:48,301 - INFO - HTTP Request: GET https://ebpnoasjxttbrdmiwesg.supabase.co/rest/v1/FPT_Stock?select=%2A&date=eq.2025-07-22 "HTTP/2 200 OK"
2025-08-12 22:47:48,679 - INFO - HTTP Request: GET https://ebpnoasjxttbrdmiwesg.supabase.co/rest/v1/FPT_Stock?select=%2A&date=eq.2025-07-21 "HTTP/2 200 OK"
2025-08-12 22:47:49,024 - INFO - HTTP Request: GET https://ebpnoasjxttbrdmiwesg.supabase.co/rest/v1/FPT_Stock?select=%2A&date=eq.2025-07-18 "HTTP/2 200 OK"
2025-08-12 22:47:49,391 - INFO - HTTP Request: GET https://ebpnoasjxttbrdmiwesg.supabase.co/rest/v1/FPT_Stock?select=%2A&date=eq.2025-07-17 "HTTP/2 200 OK"
2025-08-12 22:47:49,734 - INFO - HTTP Request: GET https://ebpnoasjxttbrdmiwesg.supabase.co/rest/v1/FPT_Stock?select=%2A&date=eq.2025-07-16 "HTTP/2 200 OK"
2025-08-12 22:47:50,084 - INFO - HTTP Request: GET https://ebpnoasjxttbrdmiwesg.supabase.co/rest/v1/FPT_Stock?select=%2A&date=eq.2025-07-15 "HTTP/2 200 OK"
2025-08-12 22:47:50,452 - INFO - HTTP Request: GET https://ebpnoasjxttbrdmiwesg.supabase.co/rest/v1/FPT_Stock?select=%2A&date=eq.2025-07-14 "HTTP/2 200 OK"
2025-08-12 22:47:50,790 - INFO - HTTP Request: GET https://ebpnoasjxttbrdmiwesg.supabase.co/rest/v1/FPT_Stock?select=%2A&date=eq.2025-07-11 "HTTP/2 200 OK"
2025-08-12 22:47:51,207 - INFO - HTTP Request: GET https://ebpnoasjxttbrdmiwesg.supabase.co/rest/v1/FPT_Stock?select=%2A&date=eq.2025-07-10 "HTTP/2 200 OK"
2025-08-12 22:47:51,595 - INFO - HTTP Request: GET https://ebpnoasjxttbrdmiwesg.supabase.co/rest/v1/FPT_Stock?select=%2A&date=eq.2025-07-09 "HTTP/2 200 OK"
2025-08-12 22:47:52,022 - INFO - HTTP Request: GET https://ebpnoasjxttbrdmiwesg.supabase.co/rest/v1/FPT_Stock?select=%2A&date=eq.2025-07-08 "HTTP/2 200 OK"
2025-08-12 22:47:52,374 - INFO - HTTP Request: GET https://ebpnoasjxttbrdmiwesg.supabase.co/rest/v1/FPT_Stock?select=%2A&date=eq.2025-07-07 "HTTP/2 200 OK"
2025-08-12 22:47:52,744 - INFO - HTTP Request: GET https://ebpnoasjxttbrdmiwesg.supabase.co/rest/v1/FPT_Stock?select=%2A&date=eq.2025-07-04 "HTTP/2 200 OK"
2025-08-12 22:47:53,112 - INFO - HTTP Request: GET https://ebpnoasjxttbrdmiwesg.supabase.co/rest/v1/FPT_Stock?select=%2A&date=eq.2025-07-03 "HTTP/2 200 OK"
2025-08-12 22:47:53,481 - INFO - HTTP Request: GET https://ebpnoasjxttbrdmiwesg.supabase.co/rest/v1/FPT_Stock?select=%2A&date=eq.2025-07-02 "HTTP/2 200 OK"
2025-08-12 22:47:55,719 - INFO - 🔒 Supabase connections are managed automatically
2025-08-12 22:48:02,492 - INFO - ✅ Supabase client initialized successfully
2025-08-12 22:48:14,554 - INFO - HTTP Request: GET https://ebpnoasjxttbrdmiwesg.supabase.co/rest/v1/GAS_Stock?select=%2A&date=eq.2025-08-12 "HTTP/2 200 OK"
2025-08-12 22:48:15,020 - INFO - HTTP Request: GET https://ebpnoasjxttbrdmiwesg.supabase.co/rest/v1/GAS_Stock?select=%2A&date=eq.2025-08-11 "HTTP/2 200 OK"
2025-08-12 22:48:15,674 - INFO - HTTP Request: GET https://ebpnoasjxttbrdmiwesg.supabase.co/rest/v1/GAS_Stock?select=%2A&date=eq.2025-08-08 "HTTP/2 200 OK"
2025-08-12 22:48:16,129 - INFO - HTTP Request: GET https://ebpnoasjxttbrdmiwesg.supabase.co/rest/v1/GAS_Stock?select=%2A&date=eq.2025-08-07 "HTTP/2 200 OK"
2025-08-12 22:48:16,548 - INFO - HTTP Request: GET https://ebpnoasjxttbrdmiwesg.supabase.co/rest/v1/GAS_Stock?select=%2A&date=eq.2025-08-06 "HTTP/2 200 OK"
2025-08-12 22:48:16,928 - INFO - HTTP Request: GET https://ebpnoasjxttbrdmiwesg.supabase.co/rest/v1/GAS_Stock?select=%2A&date=eq.2025-08-05 "HTTP/2 200 OK"
2025-08-12 22:48:17,508 - INFO - HTTP Request: GET https://ebpnoasjxttbrdmiwesg.supabase.co/rest/v1/GAS_Stock?select=%2A&date=eq.2025-08-04 "HTTP/2 200 OK"
2025-08-12 22:48:17,916 - INFO - HTTP Request: GET https://ebpnoasjxttbrdmiwesg.supabase.co/rest/v1/GAS_Stock?select=%2A&date=eq.2025-08-01 "HTTP/2 200 OK"
2025-08-12 22:48:18,336 - INFO - HTTP Request: GET https://ebpnoasjxttbrdmiwesg.supabase.co/rest/v1/GAS_Stock?select=%2A&date=eq.2025-07-31 "HTTP/2 200 OK"
2025-08-12 22:48:18,835 - INFO - HTTP Request: GET https://ebpnoasjxttbrdmiwesg.supabase.co/rest/v1/GAS_Stock?select=%2A&date=eq.2025-07-30 "HTTP/2 200 OK"
2025-08-12 22:48:19,434 - INFO - HTTP Request: GET https://ebpnoasjxttbrdmiwesg.supabase.co/rest/v1/GAS_Stock?select=%2A&date=eq.2025-07-29 "HTTP/2 200 OK"
2025-08-12 22:48:20,009 - INFO - HTTP Request: GET https://ebpnoasjxttbrdmiwesg.supabase.co/rest/v1/GAS_Stock?select=%2A&date=eq.2025-07-28 "HTTP/2 200 OK"
2025-08-12 22:48:20,437 - INFO - HTTP Request: GET https://ebpnoasjxttbrdmiwesg.supabase.co/rest/v1/GAS_Stock?select=%2A&date=eq.2025-07-25 "HTTP/2 200 OK"
2025-08-12 22:48:20,834 - INFO - HTTP Request: GET https://ebpnoasjxttbrdmiwesg.supabase.co/rest/v1/GAS_Stock?select=%2A&date=eq.2025-07-24 "HTTP/2 200 OK"
2025-08-12 22:48:21,312 - INFO - HTTP Request: GET https://ebpnoasjxttbrdmiwesg.supabase.co/rest/v1/GAS_Stock?select=%2A&date=eq.2025-07-23 "HTTP/2 200 OK"
2025-08-12 22:48:21,732 - INFO - HTTP Request: GET https://ebpnoasjxttbrdmiwesg.supabase.co/rest/v1/GAS_Stock?select=%2A&date=eq.2025-07-22 "HTTP/2 200 OK"
2025-08-12 22:48:22,218 - INFO - HTTP Request: GET https://ebpnoasjxttbrdmiwesg.supabase.co/rest/v1/GAS_Stock?select=%2A&date=eq.2025-07-21 "HTTP/2 200 OK"
2025-08-12 22:48:22,631 - INFO - HTTP Request: GET https://ebpnoasjxttbrdmiwesg.supabase.co/rest/v1/GAS_Stock?select=%2A&date=eq.2025-07-18 "HTTP/2 200 OK"
2025-08-12 22:48:23,084 - INFO - HTTP Request: GET https://ebpnoasjxttbrdmiwesg.supabase.co/rest/v1/GAS_Stock?select=%2A&date=eq.2025-07-17 "HTTP/2 200 OK"
2025-08-12 22:48:23,449 - INFO - HTTP Request: GET https://ebpnoasjxttbrdmiwesg.supabase.co/rest/v1/GAS_Stock?select=%2A&date=eq.2025-07-16 "HTTP/2 200 OK"
2025-08-12 22:48:23,914 - INFO - HTTP Request: GET https://ebpnoasjxttbrdmiwesg.supabase.co/rest/v1/GAS_Stock?select=%2A&date=eq.2025-07-15 "HTTP/2 200 OK"
2025-08-12 22:48:24,453 - INFO - HTTP Request: GET https://ebpnoasjxttbrdmiwesg.supabase.co/rest/v1/GAS_Stock?select=%2A&date=eq.2025-07-14 "HTTP/2 200 OK"
2025-08-12 22:48:24,890 - INFO - HTTP Request: GET https://ebpnoasjxttbrdmiwesg.supabase.co/rest/v1/GAS_Stock?select=%2A&date=eq.2025-07-11 "HTTP/2 200 OK"
2025-08-12 22:48:25,293 - INFO - HTTP Request: GET https://ebpnoasjxttbrdmiwesg.supabase.co/rest/v1/GAS_Stock?select=%2A&date=eq.2025-07-10 "HTTP/2 200 OK"
2025-08-12 22:48:25,695 - INFO - HTTP Request: GET https://ebpnoasjxttbrdmiwesg.supabase.co/rest/v1/GAS_Stock?select=%2A&date=eq.2025-07-09 "HTTP/2 200 OK"
2025-08-12 22:48:26,067 - INFO - HTTP Request: GET https://ebpnoasjxttbrdmiwesg.supabase.co/rest/v1/GAS_Stock?select=%2A&date=eq.2025-07-08 "HTTP/2 200 OK"
2025-08-12 22:48:26,478 - INFO - HTTP Request: GET https://ebpnoasjxttbrdmiwesg.supabase.co/rest/v1/GAS_Stock?select=%2A&date=eq.2025-07-07 "HTTP/2 200 OK"
2025-08-12 22:48:26,883 - INFO - HTTP Request: GET https://ebpnoasjxttbrdmiwesg.supabase.co/rest/v1/GAS_Stock?select=%2A&date=eq.2025-07-04 "HTTP/2 200 OK"
2025-08-12 22:48:27,317 - INFO - HTTP Request: GET https://ebpnoasjxttbrdmiwesg.supabase.co/rest/v1/GAS_Stock?select=%2A&date=eq.2025-07-03 "HTTP/2 200 OK"
2025-08-12 22:48:27,698 - INFO - HTTP Request: GET https://ebpnoasjxttbrdmiwesg.supabase.co/rest/v1/GAS_Stock?select=%2A&date=eq.2025-07-02 "HTTP/2 200 OK"
2025-08-12 22:48:29,939 - INFO - 🔒 Supabase connections are managed automatically
2025-08-12 22:48:36,815 - INFO - ✅ Supabase client initialized successfully
2025-08-12 22:48:45,160 - INFO - HTTP Request: GET https://ebpnoasjxttbrdmiwesg.supabase.co/rest/v1/VCB_Stock?select=%2A&date=eq.2025-08-12 "HTTP/2 200 OK"
2025-08-12 22:48:45,809 - INFO - HTTP Request: GET https://ebpnoasjxttbrdmiwesg.supabase.co/rest/v1/VCB_Stock?select=%2A&date=eq.2025-08-11 "HTTP/2 200 OK"
2025-08-12 22:48:46,193 - INFO - HTTP Request: GET https://ebpnoasjxttbrdmiwesg.supabase.co/rest/v1/VCB_Stock?select=%2A&date=eq.2025-08-08 "HTTP/2 200 OK"
2025-08-12 22:48:46,664 - INFO - HTTP Request: GET https://ebpnoasjxttbrdmiwesg.supabase.co/rest/v1/VCB_Stock?select=%2A&date=eq.2025-08-07 "HTTP/2 200 OK"
2025-08-12 22:48:47,042 - INFO - HTTP Request: GET https://ebpnoasjxttbrdmiwesg.supabase.co/rest/v1/VCB_Stock?select=%2A&date=eq.2025-08-06 "HTTP/2 200 OK"
2025-08-12 22:48:47,535 - INFO - HTTP Request: GET https://ebpnoasjxttbrdmiwesg.supabase.co/rest/v1/VCB_Stock?select=%2A&date=eq.2025-08-05 "HTTP/2 200 OK"
2025-08-12 22:48:48,039 - INFO - HTTP Request: GET https://ebpnoasjxttbrdmiwesg.supabase.co/rest/v1/VCB_Stock?select=%2A&date=eq.2025-08-04 "HTTP/2 200 OK"
2025-08-12 22:48:48,569 - INFO - HTTP Request: GET https://ebpnoasjxttbrdmiwesg.supabase.co/rest/v1/VCB_Stock?select=%2A&date=eq.2025-08-01 "HTTP/2 200 OK"
2025-08-12 22:48:49,022 - INFO - HTTP Request: GET https://ebpnoasjxttbrdmiwesg.supabase.co/rest/v1/VCB_Stock?select=%2A&date=eq.2025-07-31 "HTTP/2 200 OK"
2025-08-12 22:48:49,382 - INFO - HTTP Request: GET https://ebpnoasjxttbrdmiwesg.supabase.co/rest/v1/VCB_Stock?select=%2A&date=eq.2025-07-30 "HTTP/2 200 OK"
2025-08-12 22:48:49,854 - INFO - HTTP Request: GET https://ebpnoasjxttbrdmiwesg.supabase.co/rest/v1/VCB_Stock?select=%2A&date=eq.2025-07-29 "HTTP/2 200 OK"
2025-08-12 22:48:50,280 - INFO - HTTP Request: GET https://ebpnoasjxttbrdmiwesg.supabase.co/rest/v1/VCB_Stock?select=%2A&date=eq.2025-07-28 "HTTP/2 200 OK"
2025-08-12 22:48:50,755 - INFO - HTTP Request: GET https://ebpnoasjxttbrdmiwesg.supabase.co/rest/v1/VCB_Stock?select=%2A&date=eq.2025-07-25 "HTTP/2 200 OK"
2025-08-12 22:48:51,325 - INFO - HTTP Request: GET https://ebpnoasjxttbrdmiwesg.supabase.co/rest/v1/VCB_Stock?select=%2A&date=eq.2025-07-24 "HTTP/2 200 OK"
2025-08-12 22:48:51,764 - INFO - HTTP Request: GET https://ebpnoasjxttbrdmiwesg.supabase.co/rest/v1/VCB_Stock?select=%2A&date=eq.2025-07-23 "HTTP/2 200 OK"
2025-08-12 22:48:52,152 - INFO - HTTP Request: GET https://ebpnoasjxttbrdmiwesg.supabase.co/rest/v1/VCB_Stock?select=%2A&date=eq.2025-07-22 "HTTP/2 200 OK"
2025-08-12 22:48:52,543 - INFO - HTTP Request: GET https://ebpnoasjxttbrdmiwesg.supabase.co/rest/v1/VCB_Stock?select=%2A&date=eq.2025-07-21 "HTTP/2 200 OK"
2025-08-12 22:48:53,008 - INFO - HTTP Request: GET https://ebpnoasjxttbrdmiwesg.supabase.co/rest/v1/VCB_Stock?select=%2A&date=eq.2025-07-18 "HTTP/2 200 OK"
2025-08-12 22:48:53,369 - INFO - HTTP Request: GET https://ebpnoasjxttbrdmiwesg.supabase.co/rest/v1/VCB_Stock?select=%2A&date=eq.2025-07-17 "HTTP/2 200 OK"
2025-08-12 22:48:53,733 - INFO - HTTP Request: GET https://ebpnoasjxttbrdmiwesg.supabase.co/rest/v1/VCB_Stock?select=%2A&date=eq.2025-07-16 "HTTP/2 200 OK"
2025-08-12 22:48:54,084 - INFO - HTTP Request: GET https://ebpnoasjxttbrdmiwesg.supabase.co/rest/v1/VCB_Stock?select=%2A&date=eq.2025-07-15 "HTTP/2 200 OK"
2025-08-12 22:48:54,445 - INFO - HTTP Request: GET https://ebpnoasjxttbrdmiwesg.supabase.co/rest/v1/VCB_Stock?select=%2A&date=eq.2025-07-14 "HTTP/2 200 OK"
2025-08-12 22:48:54,820 - INFO - HTTP Request: GET https://ebpnoasjxttbrdmiwesg.supabase.co/rest/v1/VCB_Stock?select=%2A&date=eq.2025-07-11 "HTTP/2 200 OK"
2025-08-12 22:48:55,235 - INFO - HTTP Request: GET https://ebpnoasjxttbrdmiwesg.supabase.co/rest/v1/VCB_Stock?select=%2A&date=eq.2025-07-10 "HTTP/2 200 OK"
2025-08-12 22:48:55,726 - INFO - HTTP Request: GET https://ebpnoasjxttbrdmiwesg.supabase.co/rest/v1/VCB_Stock?select=%2A&date=eq.2025-07-09 "HTTP/2 200 OK"
2025-08-12 22:48:56,087 - INFO - HTTP Request: GET https://ebpnoasjxttbrdmiwesg.supabase.co/rest/v1/VCB_Stock?select=%2A&date=eq.2025-07-08 "HTTP/2 200 OK"
2025-08-12 22:48:56,441 - INFO - HTTP Request: GET https://ebpnoasjxttbrdmiwesg.supabase.co/rest/v1/VCB_Stock?select=%2A&date=eq.2025-07-07 "HTTP/2 200 OK"
2025-08-12 22:48:56,816 - INFO - HTTP Request: GET https://ebpnoasjxttbrdmiwesg.supabase.co/rest/v1/VCB_Stock?select=%2A&date=eq.2025-07-04 "HTTP/2 200 OK"
2025-08-12 22:48:57,258 - INFO - HTTP Request: GET https://ebpnoasjxttbrdmiwesg.supabase.co/rest/v1/VCB_Stock?select=%2A&date=eq.2025-07-03 "HTTP/2 200 OK"
2025-08-12 22:48:57,644 - INFO - HTTP Request: GET https://ebpnoasjxttbrdmiwesg.supabase.co/rest/v1/VCB_Stock?select=%2A&date=eq.2025-07-02 "HTTP/2 200 OK"
2025-08-12 22:48:59,878 - INFO - 🔒 Supabase connections are managed automatically
2025-08-12 22:49:06,579 - INFO - ✅ Supabase client initialized successfully
2025-08-12 22:49:18,894 - INFO - HTTP Request: GET https://ebpnoasjxttbrdmiwesg.supabase.co/rest/v1/IMP_Stock?select=%2A&date=eq.2025-08-12 "HTTP/2 200 OK"
2025-08-12 22:49:19,421 - INFO - HTTP Request: GET https://ebpnoasjxttbrdmiwesg.supabase.co/rest/v1/IMP_Stock?select=%2A&date=eq.2025-08-11 "HTTP/2 200 OK"
2025-08-12 22:49:19,798 - INFO - HTTP Request: GET https://ebpnoasjxttbrdmiwesg.supabase.co/rest/v1/IMP_Stock?select=%2A&date=eq.2025-08-08 "HTTP/2 200 OK"
2025-08-12 22:49:20,140 - INFO - HTTP Request: GET https://ebpnoasjxttbrdmiwesg.supabase.co/rest/v1/IMP_Stock?select=%2A&date=eq.2025-08-07 "HTTP/2 200 OK"
2025-08-12 22:49:20,517 - INFO - HTTP Request: GET https://ebpnoasjxttbrdmiwesg.supabase.co/rest/v1/IMP_Stock?select=%2A&date=eq.2025-08-06 "HTTP/2 200 OK"
2025-08-12 22:49:20,881 - INFO - HTTP Request: GET https://ebpnoasjxttbrdmiwesg.supabase.co/rest/v1/IMP_Stock?select=%2A&date=eq.2025-08-05 "HTTP/2 200 OK"
2025-08-12 22:49:21,302 - INFO - HTTP Request: GET https://ebpnoasjxttbrdmiwesg.supabase.co/rest/v1/IMP_Stock?select=%2A&date=eq.2025-08-04 "HTTP/2 200 OK"
2025-08-12 22:49:21,643 - INFO - HTTP Request: GET https://ebpnoasjxttbrdmiwesg.supabase.co/rest/v1/IMP_Stock?select=%2A&date=eq.2025-08-01 "HTTP/2 200 OK"
2025-08-12 22:49:22,014 - INFO - HTTP Request: GET https://ebpnoasjxttbrdmiwesg.supabase.co/rest/v1/IMP_Stock?select=%2A&date=eq.2025-07-31 "HTTP/2 200 OK"
2025-08-12 22:49:22,402 - INFO - HTTP Request: GET https://ebpnoasjxttbrdmiwesg.supabase.co/rest/v1/IMP_Stock?select=%2A&date=eq.2025-07-30 "HTTP/2 200 OK"
2025-08-12 22:49:22,763 - INFO - HTTP Request: GET https://ebpnoasjxttbrdmiwesg.supabase.co/rest/v1/IMP_Stock?select=%2A&date=eq.2025-07-29 "HTTP/2 200 OK"
2025-08-12 22:49:23,184 - INFO - HTTP Request: GET https://ebpnoasjxttbrdmiwesg.supabase.co/rest/v1/IMP_Stock?select=%2A&date=eq.2025-07-28 "HTTP/2 200 OK"
2025-08-12 22:49:23,579 - INFO - HTTP Request: GET https://ebpnoasjxttbrdmiwesg.supabase.co/rest/v1/IMP_Stock?select=%2A&date=eq.2025-07-25 "HTTP/2 200 OK"
2025-08-12 22:49:23,939 - INFO - HTTP Request: GET https://ebpnoasjxttbrdmiwesg.supabase.co/rest/v1/IMP_Stock?select=%2A&date=eq.2025-07-24 "HTTP/2 200 OK"
2025-08-12 22:49:24,285 - INFO - HTTP Request: GET https://ebpnoasjxttbrdmiwesg.supabase.co/rest/v1/IMP_Stock?select=%2A&date=eq.2025-07-23 "HTTP/2 200 OK"
2025-08-12 22:49:24,672 - INFO - HTTP Request: GET https://ebpnoasjxttbrdmiwesg.supabase.co/rest/v1/IMP_Stock?select=%2A&date=eq.2025-07-22 "HTTP/2 200 OK"
2025-08-12 22:49:25,048 - INFO - HTTP Request: GET https://ebpnoasjxttbrdmiwesg.supabase.co/rest/v1/IMP_Stock?select=%2A&date=eq.2025-07-21 "HTTP/2 200 OK"
2025-08-12 22:49:25,400 - INFO - HTTP Request: GET https://ebpnoasjxttbrdmiwesg.supabase.co/rest/v1/IMP_Stock?select=%2A&date=eq.2025-07-18 "HTTP/2 200 OK"
2025-08-12 22:49:25,757 - INFO - HTTP Request: GET https://ebpnoasjxttbrdmiwesg.supabase.co/rest/v1/IMP_Stock?select=%2A&date=eq.2025-07-17 "HTTP/2 200 OK"
2025-08-12 22:49:26,100 - INFO - HTTP Request: GET https://ebpnoasjxttbrdmiwesg.supabase.co/rest/v1/IMP_Stock?select=%2A&date=eq.2025-07-16 "HTTP/2 200 OK"
2025-08-12 22:49:26,440 - INFO - HTTP Request: GET https://ebpnoasjxttbrdmiwesg.supabase.co/rest/v1/IMP_Stock?select=%2A&date=eq.2025-07-15 "HTTP/2 200 OK"
2025-08-12 22:49:26,779 - INFO - HTTP Request: GET https://ebpnoasjxttbrdmiwesg.supabase.co/rest/v1/IMP_Stock?select=%2A&date=eq.2025-07-14 "HTTP/2 200 OK"
2025-08-12 22:49:27,141 - INFO - HTTP Request: GET https://ebpnoasjxttbrdmiwesg.supabase.co/rest/v1/IMP_Stock?select=%2A&date=eq.2025-07-11 "HTTP/2 200 OK"
2025-08-12 22:49:27,472 - INFO - HTTP Request: GET https://ebpnoasjxttbrdmiwesg.supabase.co/rest/v1/IMP_Stock?select=%2A&date=eq.2025-07-10 "HTTP/2 200 OK"
2025-08-12 22:49:27,825 - INFO - HTTP Request: GET https://ebpnoasjxttbrdmiwesg.supabase.co/rest/v1/IMP_Stock?select=%2A&date=eq.2025-07-09 "HTTP/2 200 OK"
2025-08-12 22:49:28,173 - INFO - HTTP Request: GET https://ebpnoasjxttbrdmiwesg.supabase.co/rest/v1/IMP_Stock?select=%2A&date=eq.2025-07-08 "HTTP/2 200 OK"
2025-08-12 22:49:28,513 - INFO - HTTP Request: GET https://ebpnoasjxttbrdmiwesg.supabase.co/rest/v1/IMP_Stock?select=%2A&date=eq.2025-07-07 "HTTP/2 200 OK"
2025-08-12 22:49:28,890 - INFO - HTTP Request: GET https://ebpnoasjxttbrdmiwesg.supabase.co/rest/v1/IMP_Stock?select=%2A&date=eq.2025-07-04 "HTTP/2 200 OK"
2025-08-12 22:49:29,238 - INFO - HTTP Request: GET https://ebpnoasjxttbrdmiwesg.supabase.co/rest/v1/IMP_Stock?select=%2A&date=eq.2025-07-03 "HTTP/2 200 OK"
2025-08-12 22:49:29,564 - INFO - HTTP Request: GET https://ebpnoasjxttbrdmiwesg.supabase.co/rest/v1/IMP_Stock?select=%2A&date=eq.2025-07-02 "HTTP/2 200 OK"
2025-08-12 22:49:31,788 - INFO - 🔒 Supabase connections are managed automatically
2025-08-12 22:49:36,790 - INFO - [SUCCESS] Stock Price Crawler hoàn thành trong 0:02:09.274665
2025-08-12 22:49:38,790 - INFO - === FIREANT CRAWLERS ===
2025-08-12 22:49:38,790 - INFO - [START] Bắt đầu FireAnt FPT Stock
2025-08-12 22:49:39,193 - INFO - ✅ Supabase client initialized successfully
2025-08-12 22:50:26,967 - INFO - HTTP Request: GET https://ebpnoasjxttbrdmiwesg.supabase.co/rest/v1/FPT_News?select=link&link=eq.https%3A%2F%2Ffireant.vn%2Fbai-viet%2F7-co-phieu-co-the-hut-hon-11-ty-usd-von-ngoai-khi-chung-khoan-viet-nam-duoc-nang-hang%2F34533991 "HTTP/2 200 OK"
2025-08-12 22:50:27,087 - INFO - HTTP Request: POST https://ebpnoasjxttbrdmiwesg.supabase.co/rest/v1/FPT_News?on_conflict=link "HTTP/2 201 Created"
2025-08-12 22:50:27,089 - INFO - ✅ Inserted article: 7 cổ phiếu có thể hút hơn 1,1 tỷ USD vốn ngoại khi...
2025-08-12 22:50:27,981 - WARNING - Nguoi dung dung crawling session
2025-08-12 22:50:27,983 - INFO - 
============================================================
2025-08-12 22:50:27,985 - INFO - TONG KET CRAWLING SESSION
2025-08-12 22:50:27,986 - INFO - ============================================================
2025-08-12 22:50:27,987 - INFO - Tong thoi gian: 0:03:00.471881
2025-08-12 22:50:27,988 - INFO - Thanh cong: 1
2025-08-12 22:50:27,997 - INFO - That bai: 0
2025-08-12 22:50:28,001 - INFO - Tong crawler: 2
2025-08-12 22:50:28,003 - INFO - 
Chi tiet tung crawler:
2025-08-12 22:50:28,004 - INFO - [OK] Stock Price Crawler: 0:02:09.274665
2025-08-12 22:50:28,005 - INFO - [FAIL] FireAnt FPT Stock: N/A
2025-08-12 22:50:28,005 - INFO - ✅ Crawling phase completed in 3.0 minutes
