2025-08-12 22:40:59,291 - INFO - 🚀 SPA VIP Pipeline initialized
2025-08-12 22:41:00,123 - INFO - ✅ Supabase client initialized successfully
2025-08-12 22:41:01,026 - INFO - HTTP Request: GET https://ebpnoasjxttbrdmiwesg.supabase.co/rest/v1/General_News?select=id&limit=1 "HTTP/2 200 OK"
2025-08-12 22:41:01,042 - INFO - ✅ Connection test passed for General_News
2025-08-12 22:41:01,226 - INFO - HTTP Request: GET https://ebpnoasjxttbrdmiwesg.supabase.co/rest/v1/FPT_News?select=id&limit=1 "HTTP/2 200 OK"
2025-08-12 22:41:01,226 - INFO - ✅ Connection test passed for FPT_News
2025-08-12 22:41:01,409 - INFO - HTTP Request: GET https://ebpnoasjxttbrdmiwesg.supabase.co/rest/v1/GAS_News?select=id&limit=1 "HTTP/2 200 OK"
2025-08-12 22:41:01,409 - INFO - ✅ Connection test passed for GAS_News
2025-08-12 22:41:01,575 - INFO - HTTP Request: GET https://ebpnoasjxttbrdmiwesg.supabase.co/rest/v1/IMP_News?select=id&limit=1 "HTTP/2 200 OK"
2025-08-12 22:41:01,575 - INFO - ✅ Connection test passed for IMP_News
2025-08-12 22:41:01,774 - INFO - HTTP Request: GET https://ebpnoasjxttbrdmiwesg.supabase.co/rest/v1/VCB_News?select=id&limit=1 "HTTP/2 200 OK"
2025-08-12 22:41:01,774 - INFO - ✅ Connection test passed for VCB_News
2025-08-12 22:41:01,774 - INFO - ✅ All database connections working properly
2025-08-12 22:41:01,774 - INFO - ✅ Database connection established
2025-08-12 22:41:01,774 - INFO - 
🚀🚀🚀🚀🚀🚀🚀🚀🚀🚀🚀🚀🚀🚀🚀🚀🚀🚀🚀🚀
2025-08-12 22:41:01,774 - INFO - 🚀 STARTING SPA VIP FULL PIPELINE
2025-08-12 22:41:01,774 - INFO - 🚀🚀🚀🚀🚀🚀🚀🚀🚀🚀🚀🚀🚀🚀🚀🚀🚀🚀🚀🚀
2025-08-12 22:41:01,774 - INFO - ⏰ Start time: 2025-08-12 22:41:01
2025-08-12 22:41:01,774 - INFO - 
🗞️  PHASE 1: NEWS CRAWLING
2025-08-12 22:41:01,774 - INFO - ==================================================
2025-08-12 22:41:05,433 - INFO - 🔄 Running all crawlers...
2025-08-12 22:41:05,433 - INFO - ==================================================
2025-08-12 22:41:05,433 - INFO - BAT DAU CRAWLING SESSION
2025-08-12 22:41:05,433 - INFO - ==================================================
2025-08-12 22:41:05,433 - INFO - Thoi gian bat dau: 2025-08-12 22:41:05
2025-08-12 22:41:05,433 - INFO - === STOCK PRICE CRAWLER ===
2025-08-12 22:41:05,433 - INFO - [START] Bắt đầu Stock Price Crawler
2025-08-12 22:41:08,877 - INFO - ✅ Supabase client initialized successfully
2025-08-12 22:41:21,224 - INFO - HTTP Request: GET https://ebpnoasjxttbrdmiwesg.supabase.co/rest/v1/FPT_Stock?select=%2A&date=eq.2025-08-12 "HTTP/2 200 OK"
2025-08-12 22:41:21,433 - INFO - HTTP Request: PATCH https://ebpnoasjxttbrdmiwesg.supabase.co/rest/v1/FPT_Stock?date=eq.2025-08-12 "HTTP/2 200 OK"
2025-08-12 22:41:21,861 - INFO - HTTP Request: GET https://ebpnoasjxttbrdmiwesg.supabase.co/rest/v1/FPT_Stock?select=%2A&date=eq.2025-08-11 "HTTP/2 200 OK"
2025-08-12 22:41:22,313 - INFO - HTTP Request: GET https://ebpnoasjxttbrdmiwesg.supabase.co/rest/v1/FPT_Stock?select=%2A&date=eq.2025-08-08 "HTTP/2 200 OK"
2025-08-12 22:41:22,762 - INFO - HTTP Request: GET https://ebpnoasjxttbrdmiwesg.supabase.co/rest/v1/FPT_Stock?select=%2A&date=eq.2025-08-07 "HTTP/2 200 OK"
2025-08-12 22:41:23,231 - INFO - HTTP Request: GET https://ebpnoasjxttbrdmiwesg.supabase.co/rest/v1/FPT_Stock?select=%2A&date=eq.2025-08-06 "HTTP/2 200 OK"
2025-08-12 22:41:23,654 - INFO - HTTP Request: GET https://ebpnoasjxttbrdmiwesg.supabase.co/rest/v1/FPT_Stock?select=%2A&date=eq.2025-08-05 "HTTP/2 200 OK"
2025-08-12 22:41:24,090 - INFO - HTTP Request: GET https://ebpnoasjxttbrdmiwesg.supabase.co/rest/v1/FPT_Stock?select=%2A&date=eq.2025-08-04 "HTTP/2 200 OK"
2025-08-12 22:41:24,450 - INFO - HTTP Request: GET https://ebpnoasjxttbrdmiwesg.supabase.co/rest/v1/FPT_Stock?select=%2A&date=eq.2025-08-01 "HTTP/2 200 OK"
2025-08-12 22:41:24,836 - INFO - HTTP Request: GET https://ebpnoasjxttbrdmiwesg.supabase.co/rest/v1/FPT_Stock?select=%2A&date=eq.2025-07-31 "HTTP/2 200 OK"
2025-08-12 22:41:25,292 - INFO - HTTP Request: GET https://ebpnoasjxttbrdmiwesg.supabase.co/rest/v1/FPT_Stock?select=%2A&date=eq.2025-07-30 "HTTP/2 200 OK"
2025-08-12 22:41:25,710 - INFO - HTTP Request: GET https://ebpnoasjxttbrdmiwesg.supabase.co/rest/v1/FPT_Stock?select=%2A&date=eq.2025-07-29 "HTTP/2 200 OK"
2025-08-12 22:41:26,188 - INFO - HTTP Request: GET https://ebpnoasjxttbrdmiwesg.supabase.co/rest/v1/FPT_Stock?select=%2A&date=eq.2025-07-28 "HTTP/2 200 OK"
2025-08-12 22:41:26,522 - INFO - HTTP Request: GET https://ebpnoasjxttbrdmiwesg.supabase.co/rest/v1/FPT_Stock?select=%2A&date=eq.2025-07-25 "HTTP/2 200 OK"
2025-08-12 22:41:26,962 - INFO - HTTP Request: GET https://ebpnoasjxttbrdmiwesg.supabase.co/rest/v1/FPT_Stock?select=%2A&date=eq.2025-07-24 "HTTP/2 200 OK"
2025-08-12 22:41:27,367 - INFO - HTTP Request: GET https://ebpnoasjxttbrdmiwesg.supabase.co/rest/v1/FPT_Stock?select=%2A&date=eq.2025-07-23 "HTTP/2 200 OK"
2025-08-12 22:41:27,713 - INFO - HTTP Request: GET https://ebpnoasjxttbrdmiwesg.supabase.co/rest/v1/FPT_Stock?select=%2A&date=eq.2025-07-22 "HTTP/2 200 OK"
2025-08-12 22:41:28,047 - INFO - HTTP Request: GET https://ebpnoasjxttbrdmiwesg.supabase.co/rest/v1/FPT_Stock?select=%2A&date=eq.2025-07-21 "HTTP/2 200 OK"
2025-08-12 22:41:28,392 - INFO - HTTP Request: GET https://ebpnoasjxttbrdmiwesg.supabase.co/rest/v1/FPT_Stock?select=%2A&date=eq.2025-07-18 "HTTP/2 200 OK"
2025-08-12 22:41:28,745 - INFO - HTTP Request: GET https://ebpnoasjxttbrdmiwesg.supabase.co/rest/v1/FPT_Stock?select=%2A&date=eq.2025-07-17 "HTTP/2 200 OK"
2025-08-12 22:41:29,160 - INFO - HTTP Request: GET https://ebpnoasjxttbrdmiwesg.supabase.co/rest/v1/FPT_Stock?select=%2A&date=eq.2025-07-16 "HTTP/2 200 OK"
2025-08-12 22:41:29,554 - INFO - HTTP Request: GET https://ebpnoasjxttbrdmiwesg.supabase.co/rest/v1/FPT_Stock?select=%2A&date=eq.2025-07-15 "HTTP/2 200 OK"
2025-08-12 22:41:29,955 - INFO - HTTP Request: GET https://ebpnoasjxttbrdmiwesg.supabase.co/rest/v1/FPT_Stock?select=%2A&date=eq.2025-07-14 "HTTP/2 200 OK"
2025-08-12 22:41:30,281 - INFO - HTTP Request: GET https://ebpnoasjxttbrdmiwesg.supabase.co/rest/v1/FPT_Stock?select=%2A&date=eq.2025-07-11 "HTTP/2 200 OK"
2025-08-12 22:41:30,618 - INFO - HTTP Request: GET https://ebpnoasjxttbrdmiwesg.supabase.co/rest/v1/FPT_Stock?select=%2A&date=eq.2025-07-10 "HTTP/2 200 OK"
2025-08-12 22:41:30,977 - INFO - HTTP Request: GET https://ebpnoasjxttbrdmiwesg.supabase.co/rest/v1/FPT_Stock?select=%2A&date=eq.2025-07-09 "HTTP/2 200 OK"
2025-08-12 22:41:31,308 - INFO - HTTP Request: GET https://ebpnoasjxttbrdmiwesg.supabase.co/rest/v1/FPT_Stock?select=%2A&date=eq.2025-07-08 "HTTP/2 200 OK"
2025-08-12 22:41:31,634 - INFO - HTTP Request: GET https://ebpnoasjxttbrdmiwesg.supabase.co/rest/v1/FPT_Stock?select=%2A&date=eq.2025-07-07 "HTTP/2 200 OK"
2025-08-12 22:41:31,973 - INFO - HTTP Request: GET https://ebpnoasjxttbrdmiwesg.supabase.co/rest/v1/FPT_Stock?select=%2A&date=eq.2025-07-04 "HTTP/2 200 OK"
2025-08-12 22:41:32,316 - INFO - HTTP Request: GET https://ebpnoasjxttbrdmiwesg.supabase.co/rest/v1/FPT_Stock?select=%2A&date=eq.2025-07-03 "HTTP/2 200 OK"
2025-08-12 22:41:32,678 - INFO - HTTP Request: GET https://ebpnoasjxttbrdmiwesg.supabase.co/rest/v1/FPT_Stock?select=%2A&date=eq.2025-07-02 "HTTP/2 200 OK"
2025-08-12 22:41:34,938 - INFO - 🔒 Supabase connections are managed automatically
2025-08-12 22:41:41,546 - INFO - ✅ Supabase client initialized successfully
2025-08-12 22:41:53,939 - INFO - HTTP Request: GET https://ebpnoasjxttbrdmiwesg.supabase.co/rest/v1/GAS_Stock?select=%2A&date=eq.2025-08-12 "HTTP/2 200 OK"
2025-08-12 22:41:54,141 - INFO - HTTP Request: POST https://ebpnoasjxttbrdmiwesg.supabase.co/rest/v1/GAS_Stock "HTTP/2 201 Created"
2025-08-12 22:41:54,580 - INFO - HTTP Request: GET https://ebpnoasjxttbrdmiwesg.supabase.co/rest/v1/GAS_Stock?select=%2A&date=eq.2025-08-11 "HTTP/2 200 OK"
2025-08-12 22:41:55,099 - INFO - HTTP Request: GET https://ebpnoasjxttbrdmiwesg.supabase.co/rest/v1/GAS_Stock?select=%2A&date=eq.2025-08-08 "HTTP/2 200 OK"
2025-08-12 22:41:55,501 - INFO - HTTP Request: GET https://ebpnoasjxttbrdmiwesg.supabase.co/rest/v1/GAS_Stock?select=%2A&date=eq.2025-08-07 "HTTP/2 200 OK"
2025-08-12 22:41:55,955 - INFO - HTTP Request: GET https://ebpnoasjxttbrdmiwesg.supabase.co/rest/v1/GAS_Stock?select=%2A&date=eq.2025-08-06 "HTTP/2 200 OK"
2025-08-12 22:41:56,346 - INFO - HTTP Request: GET https://ebpnoasjxttbrdmiwesg.supabase.co/rest/v1/GAS_Stock?select=%2A&date=eq.2025-08-05 "HTTP/2 200 OK"
2025-08-12 22:41:56,772 - INFO - HTTP Request: GET https://ebpnoasjxttbrdmiwesg.supabase.co/rest/v1/GAS_Stock?select=%2A&date=eq.2025-08-04 "HTTP/2 200 OK"
2025-08-12 22:41:57,321 - INFO - HTTP Request: GET https://ebpnoasjxttbrdmiwesg.supabase.co/rest/v1/GAS_Stock?select=%2A&date=eq.2025-08-01 "HTTP/2 200 OK"
2025-08-12 22:41:57,788 - INFO - HTTP Request: GET https://ebpnoasjxttbrdmiwesg.supabase.co/rest/v1/GAS_Stock?select=%2A&date=eq.2025-07-31 "HTTP/2 200 OK"
2025-08-12 22:41:58,350 - INFO - HTTP Request: GET https://ebpnoasjxttbrdmiwesg.supabase.co/rest/v1/GAS_Stock?select=%2A&date=eq.2025-07-30 "HTTP/2 200 OK"
2025-08-12 22:41:58,778 - INFO - HTTP Request: GET https://ebpnoasjxttbrdmiwesg.supabase.co/rest/v1/GAS_Stock?select=%2A&date=eq.2025-07-29 "HTTP/2 200 OK"
2025-08-12 22:41:59,107 - INFO - HTTP Request: GET https://ebpnoasjxttbrdmiwesg.supabase.co/rest/v1/GAS_Stock?select=%2A&date=eq.2025-07-28 "HTTP/2 200 OK"
2025-08-12 22:41:59,507 - INFO - HTTP Request: GET https://ebpnoasjxttbrdmiwesg.supabase.co/rest/v1/GAS_Stock?select=%2A&date=eq.2025-07-25 "HTTP/2 200 OK"
2025-08-12 22:42:00,017 - INFO - HTTP Request: GET https://ebpnoasjxttbrdmiwesg.supabase.co/rest/v1/GAS_Stock?select=%2A&date=eq.2025-07-24 "HTTP/2 200 OK"
2025-08-12 22:42:00,336 - INFO - HTTP Request: GET https://ebpnoasjxttbrdmiwesg.supabase.co/rest/v1/GAS_Stock?select=%2A&date=eq.2025-07-23 "HTTP/2 200 OK"
2025-08-12 22:42:00,669 - INFO - HTTP Request: GET https://ebpnoasjxttbrdmiwesg.supabase.co/rest/v1/GAS_Stock?select=%2A&date=eq.2025-07-22 "HTTP/2 200 OK"
2025-08-12 22:42:01,007 - INFO - HTTP Request: GET https://ebpnoasjxttbrdmiwesg.supabase.co/rest/v1/GAS_Stock?select=%2A&date=eq.2025-07-21 "HTTP/2 200 OK"
2025-08-12 22:42:01,343 - INFO - HTTP Request: GET https://ebpnoasjxttbrdmiwesg.supabase.co/rest/v1/GAS_Stock?select=%2A&date=eq.2025-07-18 "HTTP/2 200 OK"
2025-08-12 22:42:01,784 - INFO - HTTP Request: GET https://ebpnoasjxttbrdmiwesg.supabase.co/rest/v1/GAS_Stock?select=%2A&date=eq.2025-07-17 "HTTP/2 200 OK"
2025-08-12 22:42:02,136 - INFO - HTTP Request: GET https://ebpnoasjxttbrdmiwesg.supabase.co/rest/v1/GAS_Stock?select=%2A&date=eq.2025-07-16 "HTTP/2 200 OK"
2025-08-12 22:42:02,472 - INFO - HTTP Request: GET https://ebpnoasjxttbrdmiwesg.supabase.co/rest/v1/GAS_Stock?select=%2A&date=eq.2025-07-15 "HTTP/2 200 OK"
2025-08-12 22:42:02,810 - INFO - HTTP Request: GET https://ebpnoasjxttbrdmiwesg.supabase.co/rest/v1/GAS_Stock?select=%2A&date=eq.2025-07-14 "HTTP/2 200 OK"
2025-08-12 22:42:03,139 - INFO - HTTP Request: GET https://ebpnoasjxttbrdmiwesg.supabase.co/rest/v1/GAS_Stock?select=%2A&date=eq.2025-07-11 "HTTP/2 200 OK"
2025-08-12 22:42:03,535 - INFO - HTTP Request: GET https://ebpnoasjxttbrdmiwesg.supabase.co/rest/v1/GAS_Stock?select=%2A&date=eq.2025-07-10 "HTTP/2 200 OK"
2025-08-12 22:42:03,873 - INFO - HTTP Request: GET https://ebpnoasjxttbrdmiwesg.supabase.co/rest/v1/GAS_Stock?select=%2A&date=eq.2025-07-09 "HTTP/2 200 OK"
2025-08-12 22:42:04,212 - INFO - HTTP Request: GET https://ebpnoasjxttbrdmiwesg.supabase.co/rest/v1/GAS_Stock?select=%2A&date=eq.2025-07-08 "HTTP/2 200 OK"
2025-08-12 22:42:04,567 - INFO - HTTP Request: GET https://ebpnoasjxttbrdmiwesg.supabase.co/rest/v1/GAS_Stock?select=%2A&date=eq.2025-07-07 "HTTP/2 200 OK"
2025-08-12 22:42:04,912 - INFO - HTTP Request: GET https://ebpnoasjxttbrdmiwesg.supabase.co/rest/v1/GAS_Stock?select=%2A&date=eq.2025-07-04 "HTTP/2 200 OK"
2025-08-12 22:42:05,342 - INFO - HTTP Request: GET https://ebpnoasjxttbrdmiwesg.supabase.co/rest/v1/GAS_Stock?select=%2A&date=eq.2025-07-03 "HTTP/2 200 OK"
2025-08-12 22:42:05,685 - INFO - HTTP Request: GET https://ebpnoasjxttbrdmiwesg.supabase.co/rest/v1/GAS_Stock?select=%2A&date=eq.2025-07-02 "HTTP/2 200 OK"
2025-08-12 22:42:07,905 - INFO - 🔒 Supabase connections are managed automatically
2025-08-12 22:42:14,580 - INFO - ✅ Supabase client initialized successfully
2025-08-12 22:42:27,102 - INFO - HTTP Request: GET https://ebpnoasjxttbrdmiwesg.supabase.co/rest/v1/VCB_Stock?select=%2A&date=eq.2025-08-12 "HTTP/2 200 OK"
2025-08-12 22:42:27,330 - INFO - HTTP Request: PATCH https://ebpnoasjxttbrdmiwesg.supabase.co/rest/v1/VCB_Stock?date=eq.2025-08-12 "HTTP/2 200 OK"
2025-08-12 22:42:27,812 - INFO - HTTP Request: GET https://ebpnoasjxttbrdmiwesg.supabase.co/rest/v1/VCB_Stock?select=%2A&date=eq.2025-08-11 "HTTP/2 200 OK"
2025-08-12 22:42:28,254 - INFO - HTTP Request: GET https://ebpnoasjxttbrdmiwesg.supabase.co/rest/v1/VCB_Stock?select=%2A&date=eq.2025-08-08 "HTTP/2 200 OK"
2025-08-12 22:42:28,684 - INFO - HTTP Request: GET https://ebpnoasjxttbrdmiwesg.supabase.co/rest/v1/VCB_Stock?select=%2A&date=eq.2025-08-07 "HTTP/2 200 OK"
2025-08-12 22:42:29,153 - INFO - HTTP Request: GET https://ebpnoasjxttbrdmiwesg.supabase.co/rest/v1/VCB_Stock?select=%2A&date=eq.2025-08-06 "HTTP/2 200 OK"
2025-08-12 22:42:29,664 - INFO - HTTP Request: GET https://ebpnoasjxttbrdmiwesg.supabase.co/rest/v1/VCB_Stock?select=%2A&date=eq.2025-08-05 "HTTP/2 200 OK"
2025-08-12 22:42:30,162 - INFO - HTTP Request: GET https://ebpnoasjxttbrdmiwesg.supabase.co/rest/v1/VCB_Stock?select=%2A&date=eq.2025-08-04 "HTTP/2 200 OK"
2025-08-12 22:42:30,586 - INFO - HTTP Request: GET https://ebpnoasjxttbrdmiwesg.supabase.co/rest/v1/VCB_Stock?select=%2A&date=eq.2025-08-01 "HTTP/2 200 OK"
2025-08-12 22:42:30,997 - INFO - HTTP Request: GET https://ebpnoasjxttbrdmiwesg.supabase.co/rest/v1/VCB_Stock?select=%2A&date=eq.2025-07-31 "HTTP/2 200 OK"
2025-08-12 22:42:31,418 - INFO - HTTP Request: GET https://ebpnoasjxttbrdmiwesg.supabase.co/rest/v1/VCB_Stock?select=%2A&date=eq.2025-07-30 "HTTP/2 200 OK"
2025-08-12 22:42:31,835 - INFO - HTTP Request: GET https://ebpnoasjxttbrdmiwesg.supabase.co/rest/v1/VCB_Stock?select=%2A&date=eq.2025-07-29 "HTTP/2 200 OK"
2025-08-12 22:42:32,200 - INFO - HTTP Request: GET https://ebpnoasjxttbrdmiwesg.supabase.co/rest/v1/VCB_Stock?select=%2A&date=eq.2025-07-28 "HTTP/2 200 OK"
2025-08-12 22:42:32,581 - INFO - HTTP Request: GET https://ebpnoasjxttbrdmiwesg.supabase.co/rest/v1/VCB_Stock?select=%2A&date=eq.2025-07-25 "HTTP/2 200 OK"
2025-08-12 22:42:32,971 - INFO - HTTP Request: GET https://ebpnoasjxttbrdmiwesg.supabase.co/rest/v1/VCB_Stock?select=%2A&date=eq.2025-07-24 "HTTP/2 200 OK"
2025-08-12 22:42:33,391 - INFO - HTTP Request: GET https://ebpnoasjxttbrdmiwesg.supabase.co/rest/v1/VCB_Stock?select=%2A&date=eq.2025-07-23 "HTTP/2 200 OK"
2025-08-12 22:42:33,776 - INFO - HTTP Request: GET https://ebpnoasjxttbrdmiwesg.supabase.co/rest/v1/VCB_Stock?select=%2A&date=eq.2025-07-22 "HTTP/2 200 OK"
2025-08-12 22:42:34,174 - INFO - HTTP Request: GET https://ebpnoasjxttbrdmiwesg.supabase.co/rest/v1/VCB_Stock?select=%2A&date=eq.2025-07-21 "HTTP/2 200 OK"
2025-08-12 22:42:34,597 - INFO - HTTP Request: GET https://ebpnoasjxttbrdmiwesg.supabase.co/rest/v1/VCB_Stock?select=%2A&date=eq.2025-07-18 "HTTP/2 200 OK"
2025-08-12 22:42:34,979 - INFO - HTTP Request: GET https://ebpnoasjxttbrdmiwesg.supabase.co/rest/v1/VCB_Stock?select=%2A&date=eq.2025-07-17 "HTTP/2 200 OK"
2025-08-12 22:42:35,355 - INFO - HTTP Request: GET https://ebpnoasjxttbrdmiwesg.supabase.co/rest/v1/VCB_Stock?select=%2A&date=eq.2025-07-16 "HTTP/2 200 OK"
2025-08-12 22:42:35,730 - INFO - HTTP Request: GET https://ebpnoasjxttbrdmiwesg.supabase.co/rest/v1/VCB_Stock?select=%2A&date=eq.2025-07-15 "HTTP/2 200 OK"
2025-08-12 22:42:36,128 - INFO - HTTP Request: GET https://ebpnoasjxttbrdmiwesg.supabase.co/rest/v1/VCB_Stock?select=%2A&date=eq.2025-07-14 "HTTP/2 200 OK"
2025-08-12 22:42:36,540 - INFO - HTTP Request: GET https://ebpnoasjxttbrdmiwesg.supabase.co/rest/v1/VCB_Stock?select=%2A&date=eq.2025-07-11 "HTTP/2 200 OK"
2025-08-12 22:42:36,921 - INFO - HTTP Request: GET https://ebpnoasjxttbrdmiwesg.supabase.co/rest/v1/VCB_Stock?select=%2A&date=eq.2025-07-10 "HTTP/2 200 OK"
2025-08-12 22:42:37,379 - INFO - HTTP Request: GET https://ebpnoasjxttbrdmiwesg.supabase.co/rest/v1/VCB_Stock?select=%2A&date=eq.2025-07-09 "HTTP/2 200 OK"
2025-08-12 22:42:37,750 - INFO - HTTP Request: GET https://ebpnoasjxttbrdmiwesg.supabase.co/rest/v1/VCB_Stock?select=%2A&date=eq.2025-07-08 "HTTP/2 200 OK"
2025-08-12 22:42:38,136 - INFO - HTTP Request: GET https://ebpnoasjxttbrdmiwesg.supabase.co/rest/v1/VCB_Stock?select=%2A&date=eq.2025-07-07 "HTTP/2 200 OK"
2025-08-12 22:42:38,517 - INFO - HTTP Request: GET https://ebpnoasjxttbrdmiwesg.supabase.co/rest/v1/VCB_Stock?select=%2A&date=eq.2025-07-04 "HTTP/2 200 OK"
2025-08-12 22:42:38,900 - INFO - HTTP Request: GET https://ebpnoasjxttbrdmiwesg.supabase.co/rest/v1/VCB_Stock?select=%2A&date=eq.2025-07-03 "HTTP/2 200 OK"
2025-08-12 22:42:39,296 - INFO - HTTP Request: GET https://ebpnoasjxttbrdmiwesg.supabase.co/rest/v1/VCB_Stock?select=%2A&date=eq.2025-07-02 "HTTP/2 200 OK"
2025-08-12 22:42:41,506 - INFO - 🔒 Supabase connections are managed automatically
2025-08-12 22:42:48,419 - INFO - ✅ Supabase client initialized successfully
2025-08-12 22:43:02,087 - INFO - HTTP Request: GET https://ebpnoasjxttbrdmiwesg.supabase.co/rest/v1/IMP_Stock?select=%2A&date=eq.2025-08-12 "HTTP/2 200 OK"
2025-08-12 22:43:02,276 - INFO - HTTP Request: PATCH https://ebpnoasjxttbrdmiwesg.supabase.co/rest/v1/IMP_Stock?date=eq.2025-08-12 "HTTP/2 200 OK"
2025-08-12 22:43:02,695 - INFO - HTTP Request: GET https://ebpnoasjxttbrdmiwesg.supabase.co/rest/v1/IMP_Stock?select=%2A&date=eq.2025-08-11 "HTTP/2 200 OK"
2025-08-12 22:43:03,177 - INFO - HTTP Request: GET https://ebpnoasjxttbrdmiwesg.supabase.co/rest/v1/IMP_Stock?select=%2A&date=eq.2025-08-08 "HTTP/2 200 OK"
2025-08-12 22:43:03,619 - INFO - HTTP Request: GET https://ebpnoasjxttbrdmiwesg.supabase.co/rest/v1/IMP_Stock?select=%2A&date=eq.2025-08-07 "HTTP/2 200 OK"
2025-08-12 22:43:04,086 - INFO - HTTP Request: GET https://ebpnoasjxttbrdmiwesg.supabase.co/rest/v1/IMP_Stock?select=%2A&date=eq.2025-08-06 "HTTP/2 200 OK"
2025-08-12 22:43:04,593 - INFO - HTTP Request: GET https://ebpnoasjxttbrdmiwesg.supabase.co/rest/v1/IMP_Stock?select=%2A&date=eq.2025-08-05 "HTTP/2 200 OK"
2025-08-12 22:43:05,100 - INFO - HTTP Request: GET https://ebpnoasjxttbrdmiwesg.supabase.co/rest/v1/IMP_Stock?select=%2A&date=eq.2025-08-04 "HTTP/2 200 OK"
2025-08-12 22:43:05,480 - INFO - HTTP Request: GET https://ebpnoasjxttbrdmiwesg.supabase.co/rest/v1/IMP_Stock?select=%2A&date=eq.2025-08-01 "HTTP/2 200 OK"
2025-08-12 22:43:05,921 - INFO - HTTP Request: GET https://ebpnoasjxttbrdmiwesg.supabase.co/rest/v1/IMP_Stock?select=%2A&date=eq.2025-07-31 "HTTP/2 200 OK"
2025-08-12 22:43:06,305 - INFO - HTTP Request: GET https://ebpnoasjxttbrdmiwesg.supabase.co/rest/v1/IMP_Stock?select=%2A&date=eq.2025-07-30 "HTTP/2 200 OK"
2025-08-12 22:43:06,664 - INFO - HTTP Request: GET https://ebpnoasjxttbrdmiwesg.supabase.co/rest/v1/IMP_Stock?select=%2A&date=eq.2025-07-29 "HTTP/2 200 OK"
2025-08-12 22:43:07,073 - INFO - HTTP Request: GET https://ebpnoasjxttbrdmiwesg.supabase.co/rest/v1/IMP_Stock?select=%2A&date=eq.2025-07-28 "HTTP/2 200 OK"
2025-08-12 22:43:07,539 - INFO - HTTP Request: GET https://ebpnoasjxttbrdmiwesg.supabase.co/rest/v1/IMP_Stock?select=%2A&date=eq.2025-07-25 "HTTP/2 200 OK"
2025-08-12 22:43:07,903 - INFO - HTTP Request: GET https://ebpnoasjxttbrdmiwesg.supabase.co/rest/v1/IMP_Stock?select=%2A&date=eq.2025-07-24 "HTTP/2 200 OK"
2025-08-12 22:43:08,275 - INFO - HTTP Request: GET https://ebpnoasjxttbrdmiwesg.supabase.co/rest/v1/IMP_Stock?select=%2A&date=eq.2025-07-23 "HTTP/2 200 OK"
2025-08-12 22:43:08,730 - INFO - HTTP Request: GET https://ebpnoasjxttbrdmiwesg.supabase.co/rest/v1/IMP_Stock?select=%2A&date=eq.2025-07-22 "HTTP/2 200 OK"
2025-08-12 22:43:09,112 - INFO - HTTP Request: GET https://ebpnoasjxttbrdmiwesg.supabase.co/rest/v1/IMP_Stock?select=%2A&date=eq.2025-07-21 "HTTP/2 200 OK"
2025-08-12 22:43:09,482 - INFO - HTTP Request: GET https://ebpnoasjxttbrdmiwesg.supabase.co/rest/v1/IMP_Stock?select=%2A&date=eq.2025-07-18 "HTTP/2 200 OK"
2025-08-12 22:43:09,860 - INFO - HTTP Request: GET https://ebpnoasjxttbrdmiwesg.supabase.co/rest/v1/IMP_Stock?select=%2A&date=eq.2025-07-17 "HTTP/2 200 OK"
2025-08-12 22:43:10,226 - INFO - HTTP Request: GET https://ebpnoasjxttbrdmiwesg.supabase.co/rest/v1/IMP_Stock?select=%2A&date=eq.2025-07-16 "HTTP/2 200 OK"
2025-08-12 22:43:10,614 - INFO - HTTP Request: GET https://ebpnoasjxttbrdmiwesg.supabase.co/rest/v1/IMP_Stock?select=%2A&date=eq.2025-07-15 "HTTP/2 200 OK"
2025-08-12 22:43:10,980 - INFO - HTTP Request: GET https://ebpnoasjxttbrdmiwesg.supabase.co/rest/v1/IMP_Stock?select=%2A&date=eq.2025-07-14 "HTTP/2 200 OK"
2025-08-12 22:43:11,373 - INFO - HTTP Request: GET https://ebpnoasjxttbrdmiwesg.supabase.co/rest/v1/IMP_Stock?select=%2A&date=eq.2025-07-11 "HTTP/2 200 OK"
2025-08-12 22:43:11,732 - INFO - HTTP Request: GET https://ebpnoasjxttbrdmiwesg.supabase.co/rest/v1/IMP_Stock?select=%2A&date=eq.2025-07-10 "HTTP/2 200 OK"
2025-08-12 22:43:12,186 - INFO - HTTP Request: GET https://ebpnoasjxttbrdmiwesg.supabase.co/rest/v1/IMP_Stock?select=%2A&date=eq.2025-07-09 "HTTP/2 200 OK"
2025-08-12 22:43:12,672 - INFO - HTTP Request: GET https://ebpnoasjxttbrdmiwesg.supabase.co/rest/v1/IMP_Stock?select=%2A&date=eq.2025-07-08 "HTTP/2 200 OK"
2025-08-12 22:43:13,130 - INFO - HTTP Request: GET https://ebpnoasjxttbrdmiwesg.supabase.co/rest/v1/IMP_Stock?select=%2A&date=eq.2025-07-07 "HTTP/2 200 OK"
2025-08-12 22:43:13,506 - INFO - HTTP Request: GET https://ebpnoasjxttbrdmiwesg.supabase.co/rest/v1/IMP_Stock?select=%2A&date=eq.2025-07-04 "HTTP/2 200 OK"
2025-08-12 22:43:13,878 - INFO - HTTP Request: GET https://ebpnoasjxttbrdmiwesg.supabase.co/rest/v1/IMP_Stock?select=%2A&date=eq.2025-07-03 "HTTP/2 200 OK"
2025-08-12 22:43:14,290 - INFO - HTTP Request: GET https://ebpnoasjxttbrdmiwesg.supabase.co/rest/v1/IMP_Stock?select=%2A&date=eq.2025-07-02 "HTTP/2 200 OK"
2025-08-12 22:43:16,635 - INFO - 🔒 Supabase connections are managed automatically
2025-08-12 22:43:21,636 - INFO - [SUCCESS] Stock Price Crawler hoàn thành trong 0:02:16.202812
2025-08-12 22:43:23,637 - INFO - === FIREANT CRAWLERS ===
2025-08-12 22:43:23,637 - INFO - [START] Bắt đầu FireAnt FPT Stock
2025-08-12 22:43:24,156 - INFO - ✅ Supabase client initialized successfully
2025-08-12 22:43:53,588 - WARNING - Nguoi dung dung crawling session
2025-08-12 22:43:53,588 - INFO - 
============================================================
2025-08-12 22:43:53,588 - INFO - TONG KET CRAWLING SESSION
2025-08-12 22:43:53,592 - INFO - ============================================================
2025-08-12 22:43:53,592 - INFO - Tong thoi gian: 0:02:48.159098
2025-08-12 22:43:53,592 - INFO - Thanh cong: 1
2025-08-12 22:43:53,592 - INFO - That bai: 0
2025-08-12 22:43:53,594 - INFO - Tong crawler: 2
2025-08-12 22:43:53,594 - INFO - 
Chi tiet tung crawler:
2025-08-12 22:43:53,594 - INFO - [OK] Stock Price Crawler: 0:02:16.202812
2025-08-12 22:43:53,594 - INFO - [FAIL] FireAnt FPT Stock: N/A
2025-08-12 22:43:53,594 - INFO - ✅ Crawling phase completed in 2.9 minutes
2025-08-12 22:43:53,596 - INFO - ⏸️ Waiting 10 seconds between phases...
2025-08-12 22:43:54,192 - WARNING - ⚠️ Pipeline interrupted by user
2025-08-12 22:43:54,192 - INFO - 
================================================================================
2025-08-12 22:43:54,192 - INFO - 📋 PIPELINE EXECUTION SUMMARY
2025-08-12 22:43:54,192 - INFO - ================================================================================
2025-08-12 22:43:54,192 - INFO - ⏱️ Total execution time: 2.9 minutes
2025-08-12 22:43:54,192 - INFO - 
2025-08-12 22:43:54,192 - INFO - 🗞️ CRAWLING PHASE: ✅ SUCCESS (2.9 min)
2025-08-12 22:43:54,192 - INFO -    📊 Successful crawlers: 1/1
2025-08-12 22:43:54,192 - INFO - 
2025-08-12 22:43:54,192 - INFO - 🎯 FINAL STATUS:
2025-08-12 22:43:54,192 - INFO - 
================================================================================
2025-08-12 22:43:54,192 - INFO - 📊 SPA VIP SYSTEM STATUS
2025-08-12 22:43:54,192 - INFO - ================================================================================
2025-08-12 22:43:54,560 - INFO - HTTP Request: GET https://ebpnoasjxttbrdmiwesg.supabase.co/rest/v1/General_News?select=%2A&content=neq. "HTTP/2 200 OK"
2025-08-12 22:43:54,970 - INFO - 
⚠️ Operation interrupted by user
